-------------------------------------------------------------------------------
Test set: standardNaast.backend.StandardNaastApplicationTests
-------------------------------------------------------------------------------
Tests run: 1, Failures: 0, Errors: 1, Skipped: 0, Time elapsed: 1.181 s <<< FAILURE! -- in standardNaast.backend.StandardNaastApplicationTests
standardNaast.backend.StandardNaastApplicationTests.contextLoads -- Time elapsed: 0.003 s <<< ERROR!
java.lang.IllegalStateException: Failed to load ApplicationContext for [WebMergedContextConfiguration@51297528 testClass = standardNaast.backend.StandardNaastApplicationTests, locations = [], classes = [standardNaast.backend.StandardNaastApplication], contextInitializerClasses = [], activeProfiles = ["test"], propertySourceDescriptors = [], propertySourceProperties = ["org.springframework.boot.test.context.SpringBootTestContextBootstrapper=true"], contextCustomizers = [org.springframework.boot.test.context.filter.ExcludeFilterContextCustomizer@17fc391b, org.springframework.boot.test.json.DuplicateJsonObjectContextCustomizerFactory$DuplicateJsonObjectContextCustomizer@6d60fe40, org.springframework.boot.test.mock.mockito.MockitoContextCustomizer@0, org.springframework.boot.test.web.client.TestRestTemplateContextCustomizer@c430e6c, org.springframework.boot.test.web.reactor.netty.DisableReactorResourceFactoryGlobalResourcesContextCustomizerFactory$DisableReactorResourceFactoryGlobalResourcesContextCustomizerCustomizer@4201c465, org.springframework.boot.test.autoconfigure.OnFailureConditionReportContextCustomizerFactory$OnFailureConditionReportContextCustomizer@710636b0, org.springframework.boot.test.autoconfigure.actuate.observability.ObservabilityContextCustomizerFactory$DisableObservabilityContextCustomizer@1f, org.springframework.boot.test.autoconfigure.properties.PropertyMappingContextCustomizer@0, org.springframework.boot.test.autoconfigure.web.servlet.WebDriverContextCustomizer@6a8658ff, org.springframework.test.context.support.DynamicPropertiesContextCustomizer@0, org.springframework.boot.test.context.SpringBootTestAnnotation@8fbf833d], resourceBasePath = "src/main/webapp", contextLoader = org.springframework.boot.test.context.SpringBootContextLoader, parent = null]
	at org.springframework.test.context.cache.DefaultCacheAwareContextLoaderDelegate.loadContext(DefaultCacheAwareContextLoaderDelegate.java:180)
	at org.springframework.test.context.support.DefaultTestContext.getApplicationContext(DefaultTestContext.java:130)
	at org.springframework.test.context.web.ServletTestExecutionListener.setUpRequestContextIfNecessary(ServletTestExecutionListener.java:200)
	at org.springframework.test.context.web.ServletTestExecutionListener.prepareTestInstance(ServletTestExecutionListener.java:139)
	at org.springframework.test.context.TestContextManager.prepareTestInstance(TestContextManager.java:260)
	at org.springframework.test.context.junit.jupiter.SpringExtension.postProcessTestInstance(SpringExtension.java:160)
	at java.base/java.util.stream.ForEachOps$ForEachOp$OfRef.accept(ForEachOps.java:186)
	at java.base/java.util.stream.ReferencePipeline$3$1.accept(ReferencePipeline.java:214)
	at java.base/java.util.stream.ReferencePipeline$2$1.accept(ReferencePipeline.java:197)
	at java.base/java.util.stream.ReferencePipeline$3$1.accept(ReferencePipeline.java:214)
	at java.base/java.util.ArrayList$ArrayListSpliterator.forEachRemaining(ArrayList.java:1716)
	at java.base/java.util.stream.AbstractPipeline.copyInto(AbstractPipeline.java:570)
	at java.base/java.util.stream.AbstractPipeline.wrapAndCopyInto(AbstractPipeline.java:560)
	at java.base/java.util.stream.ForEachOps$ForEachOp.evaluateSequential(ForEachOps.java:153)
	at java.base/java.util.stream.ForEachOps$ForEachOp$OfRef.evaluateSequential(ForEachOps.java:176)
	at java.base/java.util.stream.AbstractPipeline.evaluate(AbstractPipeline.java:265)
	at java.base/java.util.stream.ReferencePipeline.forEach(ReferencePipeline.java:632)
	at java.base/java.util.Optional.orElseGet(Optional.java:364)
	at java.base/java.util.ArrayList.forEach(ArrayList.java:1604)
	at java.base/java.util.ArrayList.forEach(ArrayList.java:1604)
Caused by: org.springframework.beans.factory.BeanCreationException: Error creating bean with name 'entityManagerFactory' defined in class path resource [org/springframework/boot/autoconfigure/orm/jpa/HibernateJpaConfiguration.class]: Failed to initialize dependency 'liquibase' of LoadTimeWeaverAware bean 'entityManagerFactory': Error creating bean with name 'liquibase' defined in class path resource [org/springframework/boot/autoconfigure/liquibase/LiquibaseAutoConfiguration$LiquibaseConfiguration.class]: liquibase.exception.CommandExecutionException: liquibase.exception.LiquibaseException: liquibase.exception.MigrationFailedException: Migration failed for changeset db/changelog/db.changelog-master.xml::000-initial-schema::standardnaast:
     Reason: liquibase.exception.DatabaseException: Invalid value "0" for parameter "positive long"; SQL statement:
CREATE TABLE PUBLIC.MATCH(
    MATCH_ID DECIMAL(10) NOT NULL,
    PLACE VARCHAR(50) NOT NULL,
    DATE_MATCH TIMESTAMP,
    SAISON_EQUIPE_ID DECIMAL(0),
    OPPONENT NUMBER,
    SAISON_ID VARCHAR(10),
    COMPETITION_TYPE VARCHAR(16),
    MATCH_TYPE VARCHAR(19),
    PRICE_TYPE VARCHAR(6)
) [90008-232] [Failed SQL: (90008) CREATE TABLE PUBLIC.MATCH(
    MATCH_ID DECIMAL(10) NOT NULL,
    PLACE VARCHAR(50) NOT NULL,
    DATE_MATCH TIMESTAMP,
    SAISON_EQUIPE_ID DECIMAL(0),
    OPPONENT NUMBER,
    SAISON_ID VARCHAR(10),
    COMPETITION_TYPE VARCHAR(16),
    MATCH_TYPE VARCHAR(19),
    PRICE_TYPE VARCHAR(6)
)]
	at org.springframework.beans.factory.support.AbstractBeanFactory.doGetBean(AbstractBeanFactory.java:328)
	at org.springframework.beans.factory.support.AbstractBeanFactory.getBean(AbstractBeanFactory.java:207)
	at org.springframework.context.support.AbstractApplicationContext.finishBeanFactoryInitialization(AbstractApplicationContext.java:970)
	at org.springframework.context.support.AbstractApplicationContext.refresh(AbstractApplicationContext.java:627)
	at org.springframework.boot.SpringApplication.refresh(SpringApplication.java:752)
	at org.springframework.boot.SpringApplication.refreshContext(SpringApplication.java:439)
	at org.springframework.boot.SpringApplication.run(SpringApplication.java:318)
	at org.springframework.boot.test.context.SpringBootContextLoader.lambda$loadContext$3(SpringBootContextLoader.java:137)
	at org.springframework.util.function.ThrowingSupplier.get(ThrowingSupplier.java:58)
	at org.springframework.util.function.ThrowingSupplier.get(ThrowingSupplier.java:46)
	at org.springframework.boot.SpringApplication.withHook(SpringApplication.java:1461)
	at org.springframework.boot.test.context.SpringBootContextLoader$ContextLoaderHook.run(SpringBootContextLoader.java:553)
	at org.springframework.boot.test.context.SpringBootContextLoader.loadContext(SpringBootContextLoader.java:137)
	at org.springframework.boot.test.context.SpringBootContextLoader.loadContext(SpringBootContextLoader.java:108)
	at org.springframework.test.context.cache.DefaultCacheAwareContextLoaderDelegate.loadContextInternal(DefaultCacheAwareContextLoaderDelegate.java:225)
	at org.springframework.test.context.cache.DefaultCacheAwareContextLoaderDelegate.loadContext(DefaultCacheAwareContextLoaderDelegate.java:152)
	... 19 more
Caused by: org.springframework.beans.factory.BeanCreationException: Error creating bean with name 'liquibase' defined in class path resource [org/springframework/boot/autoconfigure/liquibase/LiquibaseAutoConfiguration$LiquibaseConfiguration.class]: liquibase.exception.CommandExecutionException: liquibase.exception.LiquibaseException: liquibase.exception.MigrationFailedException: Migration failed for changeset db/changelog/db.changelog-master.xml::000-initial-schema::standardnaast:
     Reason: liquibase.exception.DatabaseException: Invalid value "0" for parameter "positive long"; SQL statement:
CREATE TABLE PUBLIC.MATCH(
    MATCH_ID DECIMAL(10) NOT NULL,
    PLACE VARCHAR(50) NOT NULL,
    DATE_MATCH TIMESTAMP,
    SAISON_EQUIPE_ID DECIMAL(0),
    OPPONENT NUMBER,
    SAISON_ID VARCHAR(10),
    COMPETITION_TYPE VARCHAR(16),
    MATCH_TYPE VARCHAR(19),
    PRICE_TYPE VARCHAR(6)
) [90008-232] [Failed SQL: (90008) CREATE TABLE PUBLIC.MATCH(
    MATCH_ID DECIMAL(10) NOT NULL,
    PLACE VARCHAR(50) NOT NULL,
    DATE_MATCH TIMESTAMP,
    SAISON_EQUIPE_ID DECIMAL(0),
    OPPONENT NUMBER,
    SAISON_ID VARCHAR(10),
    COMPETITION_TYPE VARCHAR(16),
    MATCH_TYPE VARCHAR(19),
    PRICE_TYPE VARCHAR(6)
)]
	at org.springframework.beans.factory.support.AbstractAutowireCapableBeanFactory.initializeBean(AbstractAutowireCapableBeanFactory.java:1812)
	at org.springframework.beans.factory.support.AbstractAutowireCapableBeanFactory.doCreateBean(AbstractAutowireCapableBeanFactory.java:601)
	at org.springframework.beans.factory.support.AbstractAutowireCapableBeanFactory.createBean(AbstractAutowireCapableBeanFactory.java:523)
	at org.springframework.beans.factory.support.AbstractBeanFactory.lambda$doGetBean$0(AbstractBeanFactory.java:339)
	at org.springframework.beans.factory.support.DefaultSingletonBeanRegistry.getSingleton(DefaultSingletonBeanRegistry.java:346)
	at org.springframework.beans.factory.support.AbstractBeanFactory.doGetBean(AbstractBeanFactory.java:337)
	at org.springframework.beans.factory.support.AbstractBeanFactory.getBean(AbstractBeanFactory.java:202)
	at org.springframework.beans.factory.support.AbstractBeanFactory.doGetBean(AbstractBeanFactory.java:315)
	... 34 more
Caused by: liquibase.exception.UnexpectedLiquibaseException: liquibase.exception.CommandExecutionException: liquibase.exception.LiquibaseException: liquibase.exception.MigrationFailedException: Migration failed for changeset db/changelog/db.changelog-master.xml::000-initial-schema::standardnaast:
     Reason: liquibase.exception.DatabaseException: Invalid value "0" for parameter "positive long"; SQL statement:
CREATE TABLE PUBLIC.MATCH(
    MATCH_ID DECIMAL(10) NOT NULL,
    PLACE VARCHAR(50) NOT NULL,
    DATE_MATCH TIMESTAMP,
    SAISON_EQUIPE_ID DECIMAL(0),
    OPPONENT NUMBER,
    SAISON_ID VARCHAR(10),
    COMPETITION_TYPE VARCHAR(16),
    MATCH_TYPE VARCHAR(19),
    PRICE_TYPE VARCHAR(6)
) [90008-232] [Failed SQL: (90008) CREATE TABLE PUBLIC.MATCH(
    MATCH_ID DECIMAL(10) NOT NULL,
    PLACE VARCHAR(50) NOT NULL,
    DATE_MATCH TIMESTAMP,
    SAISON_EQUIPE_ID DECIMAL(0),
    OPPONENT NUMBER,
    SAISON_ID VARCHAR(10),
    COMPETITION_TYPE VARCHAR(16),
    MATCH_TYPE VARCHAR(19),
    PRICE_TYPE VARCHAR(6)
)]
	at liquibase.integration.spring.SpringLiquibase.afterPropertiesSet(SpringLiquibase.java:267)
	at org.springframework.beans.factory.support.AbstractAutowireCapableBeanFactory.invokeInitMethods(AbstractAutowireCapableBeanFactory.java:1859)
	at org.springframework.beans.factory.support.AbstractAutowireCapableBeanFactory.initializeBean(AbstractAutowireCapableBeanFactory.java:1808)
	... 41 more
Caused by: liquibase.exception.CommandExecutionException: liquibase.exception.LiquibaseException: liquibase.exception.MigrationFailedException: Migration failed for changeset db/changelog/db.changelog-master.xml::000-initial-schema::standardnaast:
     Reason: liquibase.exception.DatabaseException: Invalid value "0" for parameter "positive long"; SQL statement:
CREATE TABLE PUBLIC.MATCH(
    MATCH_ID DECIMAL(10) NOT NULL,
    PLACE VARCHAR(50) NOT NULL,
    DATE_MATCH TIMESTAMP,
    SAISON_EQUIPE_ID DECIMAL(0),
    OPPONENT NUMBER,
    SAISON_ID VARCHAR(10),
    COMPETITION_TYPE VARCHAR(16),
    MATCH_TYPE VARCHAR(19),
    PRICE_TYPE VARCHAR(6)
) [90008-232] [Failed SQL: (90008) CREATE TABLE PUBLIC.MATCH(
    MATCH_ID DECIMAL(10) NOT NULL,
    PLACE VARCHAR(50) NOT NULL,
    DATE_MATCH TIMESTAMP,
    SAISON_EQUIPE_ID DECIMAL(0),
    OPPONENT NUMBER,
    SAISON_ID VARCHAR(10),
    COMPETITION_TYPE VARCHAR(16),
    MATCH_TYPE VARCHAR(19),
    PRICE_TYPE VARCHAR(6)
)]
	at liquibase.command.CommandScope.execute(CommandScope.java:258)
	at liquibase.Liquibase.lambda$update$0(Liquibase.java:216)
	at liquibase.Scope.lambda$child$0(Scope.java:191)
	at liquibase.Scope.child(Scope.java:200)
	at liquibase.Scope.child(Scope.java:190)
	at liquibase.Scope.child(Scope.java:169)
	at liquibase.Liquibase.runInScope(Liquibase.java:1329)
	at liquibase.Liquibase.update(Liquibase.java:205)
	at liquibase.Liquibase.update(Liquibase.java:188)
	at liquibase.integration.spring.SpringLiquibase.performUpdate(SpringLiquibase.java:305)
	at liquibase.integration.spring.SpringLiquibase.lambda$afterPropertiesSet$0(SpringLiquibase.java:257)
	at liquibase.Scope.lambda$child$0(Scope.java:191)
	at liquibase.Scope.child(Scope.java:200)
	at liquibase.Scope.child(Scope.java:190)
	at liquibase.Scope.child(Scope.java:169)
	at liquibase.Scope.child(Scope.java:257)
	at liquibase.integration.spring.SpringLiquibase.afterPropertiesSet(SpringLiquibase.java:250)
	... 43 more
Caused by: liquibase.exception.LiquibaseException: liquibase.exception.MigrationFailedException: Migration failed for changeset db/changelog/db.changelog-master.xml::000-initial-schema::standardnaast:
     Reason: liquibase.exception.DatabaseException: Invalid value "0" for parameter "positive long"; SQL statement:
CREATE TABLE PUBLIC.MATCH(
    MATCH_ID DECIMAL(10) NOT NULL,
    PLACE VARCHAR(50) NOT NULL,
    DATE_MATCH TIMESTAMP,
    SAISON_EQUIPE_ID DECIMAL(0),
    OPPONENT NUMBER,
    SAISON_ID VARCHAR(10),
    COMPETITION_TYPE VARCHAR(16),
    MATCH_TYPE VARCHAR(19),
    PRICE_TYPE VARCHAR(6)
) [90008-232] [Failed SQL: (90008) CREATE TABLE PUBLIC.MATCH(
    MATCH_ID DECIMAL(10) NOT NULL,
    PLACE VARCHAR(50) NOT NULL,
    DATE_MATCH TIMESTAMP,
    SAISON_EQUIPE_ID DECIMAL(0),
    OPPONENT NUMBER,
    SAISON_ID VARCHAR(10),
    COMPETITION_TYPE VARCHAR(16),
    MATCH_TYPE VARCHAR(19),
    PRICE_TYPE VARCHAR(6)
)]
	at liquibase.changelog.ChangeLogIterator.run(ChangeLogIterator.java:148)
	at liquibase.command.core.AbstractUpdateCommandStep.lambda$run$0(AbstractUpdateCommandStep.java:114)
	at liquibase.Scope.lambda$child$0(Scope.java:191)
	at liquibase.Scope.child(Scope.java:200)
	at liquibase.Scope.child(Scope.java:190)
	at liquibase.Scope.child(Scope.java:169)
	at liquibase.command.core.AbstractUpdateCommandStep.run(AbstractUpdateCommandStep.java:112)
	at liquibase.command.core.UpdateCommandStep.run(UpdateCommandStep.java:105)
	at liquibase.command.CommandScope.execute(CommandScope.java:220)
	... 59 more
Caused by: liquibase.exception.MigrationFailedException: Migration failed for changeset db/changelog/db.changelog-master.xml::000-initial-schema::standardnaast:
     Reason: liquibase.exception.DatabaseException: Invalid value "0" for parameter "positive long"; SQL statement:
CREATE TABLE PUBLIC.MATCH(
    MATCH_ID DECIMAL(10) NOT NULL,
    PLACE VARCHAR(50) NOT NULL,
    DATE_MATCH TIMESTAMP,
    SAISON_EQUIPE_ID DECIMAL(0),
    OPPONENT NUMBER,
    SAISON_ID VARCHAR(10),
    COMPETITION_TYPE VARCHAR(16),
    MATCH_TYPE VARCHAR(19),
    PRICE_TYPE VARCHAR(6)
) [90008-232] [Failed SQL: (90008) CREATE TABLE PUBLIC.MATCH(
    MATCH_ID DECIMAL(10) NOT NULL,
    PLACE VARCHAR(50) NOT NULL,
    DATE_MATCH TIMESTAMP,
    SAISON_EQUIPE_ID DECIMAL(0),
    OPPONENT NUMBER,
    SAISON_ID VARCHAR(10),
    COMPETITION_TYPE VARCHAR(16),
    MATCH_TYPE VARCHAR(19),
    PRICE_TYPE VARCHAR(6)
)]
	at liquibase.changelog.ChangeSet.execute(ChangeSet.java:820)
	at liquibase.changelog.visitor.UpdateVisitor.executeAcceptedChange(UpdateVisitor.java:126)
	at liquibase.changelog.visitor.UpdateVisitor.visit(UpdateVisitor.java:70)
	at liquibase.changelog.ChangeLogIterator.lambda$run$0(ChangeLogIterator.java:131)
	at liquibase.Scope.lambda$child$0(Scope.java:191)
	at liquibase.Scope.child(Scope.java:200)
	at liquibase.Scope.child(Scope.java:190)
	at liquibase.Scope.child(Scope.java:169)
	at liquibase.changelog.ChangeLogIterator.lambda$run$1(ChangeLogIterator.java:120)
	at liquibase.Scope.lambda$child$0(Scope.java:191)
	at liquibase.Scope.child(Scope.java:200)
	at liquibase.Scope.child(Scope.java:190)
	at liquibase.Scope.child(Scope.java:169)
	at liquibase.Scope.child(Scope.java:257)
	at liquibase.Scope.child(Scope.java:261)
	at liquibase.changelog.ChangeLogIterator.run(ChangeLogIterator.java:89)
	... 67 more
Caused by: liquibase.exception.DatabaseException: Invalid value "0" for parameter "positive long"; SQL statement:
CREATE TABLE PUBLIC.MATCH(
    MATCH_ID DECIMAL(10) NOT NULL,
    PLACE VARCHAR(50) NOT NULL,
    DATE_MATCH TIMESTAMP,
    SAISON_EQUIPE_ID DECIMAL(0),
    OPPONENT NUMBER,
    SAISON_ID VARCHAR(10),
    COMPETITION_TYPE VARCHAR(16),
    MATCH_TYPE VARCHAR(19),
    PRICE_TYPE VARCHAR(6)
) [90008-232] [Failed SQL: (90008) CREATE TABLE PUBLIC.MATCH(
    MATCH_ID DECIMAL(10) NOT NULL,
    PLACE VARCHAR(50) NOT NULL,
    DATE_MATCH TIMESTAMP,
    SAISON_EQUIPE_ID DECIMAL(0),
    OPPONENT NUMBER,
    SAISON_ID VARCHAR(10),
    COMPETITION_TYPE VARCHAR(16),
    MATCH_TYPE VARCHAR(19),
    PRICE_TYPE VARCHAR(6)
)]
	at liquibase.executor.jvm.JdbcExecutor$ExecuteStatementCallback.doInStatement(JdbcExecutor.java:497)
	at liquibase.executor.jvm.JdbcExecutor.execute(JdbcExecutor.java:83)
	at liquibase.executor.jvm.JdbcExecutor.execute(JdbcExecutor.java:185)
	at liquibase.executor.AbstractExecutor.execute(AbstractExecutor.java:141)
	at liquibase.database.AbstractJdbcDatabase.executeStatements(AbstractJdbcDatabase.java:1189)
	at liquibase.changelog.ChangeSet.execute(ChangeSet.java:776)
	... 82 more
Caused by: org.h2.jdbc.JdbcSQLDataException: Invalid value "0" for parameter "positive long"; SQL statement:
CREATE TABLE PUBLIC.MATCH(
    MATCH_ID DECIMAL(10) NOT NULL,
    PLACE VARCHAR(50) NOT NULL,
    DATE_MATCH TIMESTAMP,
    SAISON_EQUIPE_ID DECIMAL(0),
    OPPONENT NUMBER,
    SAISON_ID VARCHAR(10),
    COMPETITION_TYPE VARCHAR(16),
    MATCH_TYPE VARCHAR(19),
    PRICE_TYPE VARCHAR(6)
) [90008-232]
	at org.h2.message.DbException.getJdbcSQLException(DbException.java:658)
	at org.h2.message.DbException.getJdbcSQLException(DbException.java:489)
	at org.h2.message.DbException.get(DbException.java:223)
	at org.h2.message.DbException.getInvalidValueException(DbException.java:298)
	at org.h2.command.ParserBase.readPositiveLong(ParserBase.java:673)
	at org.h2.command.Parser.readPrecision(Parser.java:6285)
	at org.h2.command.Parser.parseNumericType(Parser.java:5969)
	at org.h2.command.Parser.readIfDataType1(Parser.java:5786)
	at org.h2.command.Parser.readIfDataType(Parser.java:5698)
	at org.h2.command.Parser.parseColumnWithType(Parser.java:5680)
	at org.h2.command.Parser.parseColumnForTable(Parser.java:5559)
	at org.h2.command.Parser.parseTableColumnDefinition(Parser.java:8876)
	at org.h2.command.Parser.parseCreateTable(Parser.java:8819)
	at org.h2.command.Parser.parseCreate(Parser.java:6398)
	at org.h2.command.Parser.parsePrepared(Parser.java:645)
	at org.h2.command.Parser.parse(Parser.java:581)
	at org.h2.command.Parser.parse(Parser.java:556)
	at org.h2.command.Parser.prepareCommand(Parser.java:484)
	at org.h2.engine.SessionLocal.prepareLocal(SessionLocal.java:645)
	at org.h2.engine.SessionLocal.prepareCommand(SessionLocal.java:561)
	at org.h2.jdbc.JdbcConnection.prepareCommand(JdbcConnection.java:1164)
	at org.h2.jdbc.JdbcStatement.executeInternal(JdbcStatement.java:245)
	at org.h2.jdbc.JdbcStatement.execute(JdbcStatement.java:231)
	at com.zaxxer.hikari.pool.ProxyStatement.execute(ProxyStatement.java:94)
	at com.zaxxer.hikari.pool.HikariProxyStatement.execute(HikariProxyStatement.java)
	at liquibase.executor.jvm.JdbcExecutor$ExecuteStatementCallback.doInStatement(JdbcExecutor.java:491)
	... 87 more

